% move_pos_public.
[1,2]
[0,3]
[1,3]
[1,3,5,7]
[2,4,8]
% make_move_public.
[[1,0,2,3]]
[[2,1,0,3]]
[[0,2,1,3]]
[[1,2,3,0]]
[[1,0,2,3,4,5,6,7,8]]
[[3,1,2,0,4,5,6,7,8]]
[[1,0,3,4,2,5,6,7,8]]
[[1,2,3,0,4,5,6,7,8]]
[[1,2,3,4,5,0,6,7,8]]
[[1,2,3,4,7,5,6,0,8]]
[[1,2,3,4,0,5,6,7,8]]
[[1,2,3,4,5,8,6,7,0]]
% make_moves_public.
[[1,0,2,3],[2,1,0,3]]
[[0,2,1,3],[1,2,3,0]]
[[1,0,2,3,4,5,6,7,8],[3,1,2,0,4,5,6,7,8]]
[[1,0,3,4,2,5,6,7,8],[1,2,3,0,4,5,6,7,8],[1,2,3,4,5,0,6,7,8],[1,2,3,4,7,5,6,0,8]]
[[1,2,0,4,5,3,6,7,8],[1,2,3,4,0,5,6,7,8],[1,2,3,4,5,8,6,7,0]]
