% Start 8
% Final { 8 9 12 }
% States { 8 9 10 11 12 }
% Alphabet { a b }
% Transitions {
%  (8 a 9)
%  (8 b 12)
%  (9 a 10)
%  (9 b 11)
%  (10 a 12)
%  (10 b 12)
%  (11 a 12)
%  (11 b 12)
%  (12 a 12)
%  (12 b 12)
% }
FiniteAutomaton
  5 states
  3 final states
  10 transitions
    5 states with 2 transitions
"" "a" "b" "ba" "bb" "aaa" "aab" "aba" "abb" "baa" "bab" "bba" "bbb" "aaaa" "aaab" "aaba" "aabb" "abaa" "abab" "abba" "abbb" "baaa" "baab" "baba" "babb" "bbaa" "bbab" "bbba" "bbbb" 
% Start 19
% Final { 20 22 }
% States { 19 20 21 22 }
% Alphabet { a b }
% Transitions {
%  (19 a 20)
%  (19 b 22)
%  (20 a 22)
%  (20 b 21)
%  (21 a 20)
%  (21 b 22)
%  (22 a 22)
%  (22 b 22)
% }
FiniteAutomaton
  4 states
  2 final states
  8 transitions
    4 states with 2 transitions
"a" "b" "aa" "ba" "bb" "aaa" "aab" "aba" "abb" "baa" "bab" "bba" "bbb" "aaaa" "aaab" "aaba" "aabb" "abaa" "abba" "abbb" "baaa" "baab" "baba" "babb" "bbaa" "bbab" "bbba" "bbbb" 
